<?xml version="1.0" encoding="UTF-8"?>
<!-- Generated by org.testng.reporters.JUnitReportReporter -->
<testsuite skipped="0" hostname="LTILPUN23200684" name="qa.tetscases.NavigationTest" tests="1" failures="0" timestamp="2021-02-24T17:08:48 IST" time="12.781" errors="0">
  <testcase name="newProg" time="12.781" classname="qa.tetscases.NavigationTest"/>
  <system-out/>
</testsuite> <!-- qa.tetscases.NavigationTest -->
