<?xml version="1.0" encoding="UTF-8"?>
<!-- Generated by org.testng.reporters.JUnitReportReporter -->
<testsuite skipped="0" hostname="LTILPUN23200684" name="qa.tetscases.NavigationTest" tests="1" failures="0" timestamp="2021-01-27T16:32:28 IST" time="13.593" errors="0">
  <testcase name="newProg" time="13.593" classname="qa.tetscases.NavigationTest"/>
  <system-out/>
</testsuite> <!-- qa.tetscases.NavigationTest -->
